2026-01-10 12:51:18 +00:00: node:internal/modules/esm/resolve:274
2026-01-10 12:51:18 +00:00:     throw new ERR_MODULE_NOT_FOUND(
2026-01-10 12:51:18 +00:00:           ^
2026-01-10 12:51:18 +00:00: 
2026-01-10 12:51:18 +00:00: Error [ERR_MODULE_NOT_FOUND]: Cannot find module '/var/www/gloriaconnect/backend/dist/infra/logger' imported from /var/www/gloriaconnect/backend/dist/infra/grpcClients.js
2026-01-10 12:51:18 +00:00:     at finalizeResolution (node:internal/modules/esm/resolve:274:11)
2026-01-10 12:51:18 +00:00:     at moduleResolve (node:internal/modules/esm/resolve:859:10)
2026-01-10 12:51:18 +00:00:     at defaultResolve (node:internal/modules/esm/resolve:983:11)
2026-01-10 12:51:18 +00:00:     at ModuleLoader.defaultResolve (node:internal/modules/esm/loader:801:12)
2026-01-10 12:51:18 +00:00:     at #cachedDefaultResolve (node:internal/modules/esm/loader:725:25)
2026-01-10 12:51:18 +00:00:     at ModuleLoader.resolve (node:internal/modules/esm/loader:708:38)
2026-01-10 12:51:18 +00:00:     at ModuleLoader.getModuleJobForImport (node:internal/modules/esm/loader:309:38)
2026-01-10 12:51:18 +00:00:     at #link (node:internal/modules/esm/module_job:208:49)
2026-01-10 12:51:18 +00:00:     at process.processTicksAndRejections (node:internal/process/task_queues:105:5) {
2026-01-10 12:51:18 +00:00:   code: 'ERR_MODULE_NOT_FOUND',
2026-01-10 12:51:18 +00:00:   url: 'file:///var/www/gloriaconnect/backend/dist/infra/logger'
2026-01-10 12:51:18 +00:00: }
2026-01-10 12:51:19 +00:00: node:internal/modules/esm/resolve:274
2026-01-10 12:51:19 +00:00:     throw new ERR_MODULE_NOT_FOUND(
2026-01-10 12:51:19 +00:00:           ^
2026-01-10 12:51:19 +00:00: 
2026-01-10 12:51:19 +00:00: Error [ERR_MODULE_NOT_FOUND]: Cannot find module '/var/www/gloriaconnect/backend/dist/infra/logger' imported from /var/www/gloriaconnect/backend/dist/infra/grpcClients.js
2026-01-10 12:51:19 +00:00:     at finalizeResolution (node:internal/modules/esm/resolve:274:11)
2026-01-10 12:51:19 +00:00:     at moduleResolve (node:internal/modules/esm/resolve:859:10)
2026-01-10 12:51:19 +00:00:     at defaultResolve (node:internal/modules/esm/resolve:983:11)
2026-01-10 12:51:19 +00:00:     at ModuleLoader.defaultResolve (node:internal/modules/esm/loader:801:12)
2026-01-10 12:51:19 +00:00:     at #cachedDefaultResolve (node:internal/modules/esm/loader:725:25)
2026-01-10 12:51:19 +00:00:     at ModuleLoader.resolve (node:internal/modules/esm/loader:708:38)
2026-01-10 12:51:19 +00:00:     at ModuleLoader.getModuleJobForImport (node:internal/modules/esm/loader:309:38)
2026-01-10 12:51:19 +00:00:     at #link (node:internal/modules/esm/module_job:208:49)
2026-01-10 12:51:19 +00:00:     at process.processTicksAndRejections (node:internal/process/task_queues:105:5) {
2026-01-10 12:51:19 +00:00:   code: 'ERR_MODULE_NOT_FOUND',
2026-01-10 12:51:19 +00:00:   url: 'file:///var/www/gloriaconnect/backend/dist/infra/logger'
2026-01-10 12:51:19 +00:00: }
2026-01-10 12:51:19 +00:00: 
2026-01-10 12:51:19 +00:00: Node.js v24.4.1
2026-01-10 12:51:19 +00:00: node:internal/modules/esm/resolve:274
2026-01-10 12:51:19 +00:00:     throw new ERR_MODULE_NOT_FOUND(
2026-01-10 12:51:19 +00:00:           ^
2026-01-10 12:51:19 +00:00: 
2026-01-10 12:51:19 +00:00: Error [ERR_MODULE_NOT_FOUND]: Cannot find module '/var/www/gloriaconnect/backend/dist/infra/logger' imported from /var/www/gloriaconnect/backend/dist/infra/grpcClients.js
2026-01-10 12:51:19 +00:00:     at finalizeResolution (node:internal/modules/esm/resolve:274:11)
2026-01-10 12:51:19 +00:00:     at moduleResolve (node:internal/modules/esm/resolve:859:10)
2026-01-10 12:51:19 +00:00:     at defaultResolve (node:internal/modules/esm/resolve:983:11)
2026-01-10 12:51:19 +00:00:     at ModuleLoader.defaultResolve (node:internal/modules/esm/loader:801:12)
2026-01-10 12:51:19 +00:00:     at #cachedDefaultResolve (node:internal/modules/esm/loader:725:25)
2026-01-10 12:51:19 +00:00:     at ModuleLoader.resolve (node:internal/modules/esm/loader:708:38)
2026-01-10 12:51:19 +00:00:     at ModuleLoader.getModuleJobForImport (node:internal/modules/esm/loader:309:38)
2026-01-10 12:51:19 +00:00:     at #link (node:internal/modules/esm/module_job:208:49)
2026-01-10 12:51:19 +00:00:     at process.processTicksAndRejections (node:internal/process/task_queues:105:5) {
2026-01-10 12:51:19 +00:00:   code: 'ERR_MODULE_NOT_FOUND',
2026-01-10 12:51:19 +00:00:   url: 'file:///var/www/gloriaconnect/backend/dist/infra/logger'
2026-01-10 12:51:19 +00:00: }
2026-01-10 12:51:19 +00:00: 
2026-01-10 12:51:19 +00:00: Node.js v24.4.1
2026-01-10 12:51:20 +00:00: node:internal/modules/esm/resolve:274
2026-01-10 12:51:20 +00:00:     throw new ERR_MODULE_NOT_FOUND(
2026-01-10 12:51:20 +00:00:           ^
2026-01-10 12:51:20 +00:00: 
2026-01-10 12:51:20 +00:00: Error [ERR_MODULE_NOT_FOUND]: Cannot find module '/var/www/gloriaconnect/backend/dist/infra/logger' imported from /var/www/gloriaconnect/backend/dist/infra/grpcClients.js
2026-01-10 12:51:20 +00:00:     at finalizeResolution (node:internal/modules/esm/resolve:274:11)
2026-01-10 12:51:20 +00:00:     at moduleResolve (node:internal/modules/esm/resolve:859:10)
2026-01-10 12:51:20 +00:00:     at defaultResolve (node:internal/modules/esm/resolve:983:11)
2026-01-10 12:51:20 +00:00:     at ModuleLoader.defaultResolve (node:internal/modules/esm/loader:801:12)
2026-01-10 12:51:20 +00:00:     at #cachedDefaultResolve (node:internal/modules/esm/loader:725:25)
2026-01-10 12:51:20 +00:00:     at ModuleLoader.resolve (node:internal/modules/esm/loader:708:38)
2026-01-10 12:51:20 +00:00:     at ModuleLoader.getModuleJobForImport (node:internal/modules/esm/loader:309:38)
2026-01-10 12:51:20 +00:00:     at #link (node:internal/modules/esm/module_job:208:49)
2026-01-10 12:51:20 +00:00:     at process.processTicksAndRejections (node:internal/process/task_queues:105:5) {
2026-01-10 12:51:20 +00:00:   code: 'ERR_MODULE_NOT_FOUND',
2026-01-10 12:51:20 +00:00:   url: 'file:///var/www/gloriaconnect/backend/dist/infra/logger'
2026-01-10 12:51:20 +00:00: }
2026-01-10 12:51:20 +00:00: 
2026-01-10 12:51:20 +00:00: Node.js v24.4.1
2026-01-10 12:51:20 +00:00: node:internal/modules/esm/resolve:274
2026-01-10 12:51:20 +00:00:     throw new ERR_MODULE_NOT_FOUND(
2026-01-10 12:51:20 +00:00:           ^
2026-01-10 12:51:20 +00:00: 
2026-01-10 12:51:20 +00:00: Error [ERR_MODULE_NOT_FOUND]: Cannot find module '/var/www/gloriaconnect/backend/dist/infra/logger' imported from /var/www/gloriaconnect/backend/dist/infra/grpcClients.js
2026-01-10 12:51:20 +00:00:     at finalizeResolution (node:internal/modules/esm/resolve:274:11)
2026-01-10 12:51:20 +00:00:     at moduleResolve (node:internal/modules/esm/resolve:859:10)
2026-01-10 12:51:20 +00:00:     at defaultResolve (node:internal/modules/esm/resolve:983:11)
2026-01-10 12:51:20 +00:00:     at ModuleLoader.defaultResolve (node:internal/modules/esm/loader:801:12)
2026-01-10 12:51:20 +00:00:     at #cachedDefaultResolve (node:internal/modules/esm/loader:725:25)
2026-01-10 12:51:20 +00:00:     at ModuleLoader.resolve (node:internal/modules/esm/loader:708:38)
2026-01-10 12:51:20 +00:00:     at ModuleLoader.getModuleJobForImport (node:internal/modules/esm/loader:309:38)
2026-01-10 12:51:20 +00:00:     at #link (node:internal/modules/esm/module_job:208:49)
2026-01-10 12:51:20 +00:00:     at process.processTicksAndRejections (node:internal/process/task_queues:105:5) {
2026-01-10 12:51:20 +00:00:   code: 'ERR_MODULE_NOT_FOUND',
2026-01-10 12:51:20 +00:00:   url: 'file:///var/www/gloriaconnect/backend/dist/infra/logger'
2026-01-10 12:51:20 +00:00: }
2026-01-10 12:51:20 +00:00: 
2026-01-10 12:51:20 +00:00: Node.js v24.4.1
2026-01-10 12:51:21 +00:00: node:internal/modules/esm/resolve:274
2026-01-10 12:51:21 +00:00:     throw new ERR_MODULE_NOT_FOUND(
2026-01-10 12:51:21 +00:00:           ^
2026-01-10 12:51:21 +00:00: 
2026-01-10 12:51:21 +00:00: Error [ERR_MODULE_NOT_FOUND]: Cannot find module '/var/www/gloriaconnect/backend/dist/infra/logger' imported from /var/www/gloriaconnect/backend/dist/infra/grpcClients.js
2026-01-10 12:51:21 +00:00:     at finalizeResolution (node:internal/modules/esm/resolve:274:11)
2026-01-10 12:51:21 +00:00:     at moduleResolve (node:internal/modules/esm/resolve:859:10)
2026-01-10 12:51:21 +00:00:     at defaultResolve (node:internal/modules/esm/resolve:983:11)
2026-01-10 12:51:21 +00:00:     at ModuleLoader.defaultResolve (node:internal/modules/esm/loader:801:12)
2026-01-10 12:51:21 +00:00:     at #cachedDefaultResolve (node:internal/modules/esm/loader:725:25)
2026-01-10 12:51:21 +00:00:     at ModuleLoader.resolve (node:internal/modules/esm/loader:708:38)
2026-01-10 12:51:21 +00:00:     at ModuleLoader.getModuleJobForImport (node:internal/modules/esm/loader:309:38)
2026-01-10 12:51:21 +00:00:     at #link (node:internal/modules/esm/module_job:208:49)
2026-01-10 12:51:21 +00:00:     at process.processTicksAndRejections (node:internal/process/task_queues:105:5) {
2026-01-10 12:51:21 +00:00:   code: 'ERR_MODULE_NOT_FOUND',
2026-01-10 12:51:21 +00:00:   url: 'file:///var/www/gloriaconnect/backend/dist/infra/logger'
2026-01-10 12:51:21 +00:00: }
2026-01-10 12:51:21 +00:00: 
2026-01-10 12:51:21 +00:00: Node.js v24.4.1
2026-01-10 12:51:21 +00:00: node:internal/modules/esm/resolve:274
2026-01-10 12:51:21 +00:00:     throw new ERR_MODULE_NOT_FOUND(
2026-01-10 12:51:21 +00:00:           ^
2026-01-10 12:51:21 +00:00: 
2026-01-10 12:51:21 +00:00: Error [ERR_MODULE_NOT_FOUND]: Cannot find module '/var/www/gloriaconnect/backend/dist/infra/logger' imported from /var/www/gloriaconnect/backend/dist/infra/grpcClients.js
2026-01-10 12:51:21 +00:00:     at finalizeResolution (node:internal/modules/esm/resolve:274:11)
2026-01-10 12:51:21 +00:00:     at moduleResolve (node:internal/modules/esm/resolve:859:10)
2026-01-10 12:51:21 +00:00:     at defaultResolve (node:internal/modules/esm/resolve:983:11)
2026-01-10 12:51:21 +00:00:     at ModuleLoader.defaultResolve (node:internal/modules/esm/loader:801:12)
2026-01-10 12:51:21 +00:00:     at #cachedDefaultResolve (node:internal/modules/esm/loader:725:25)
2026-01-10 12:51:21 +00:00:     at ModuleLoader.resolve (node:internal/modules/esm/loader:708:38)
2026-01-10 12:51:21 +00:00:     at ModuleLoader.getModuleJobForImport (node:internal/modules/esm/loader:309:38)
2026-01-10 12:51:21 +00:00:     at #link (node:internal/modules/esm/module_job:208:49)
2026-01-10 12:51:21 +00:00:     at process.processTicksAndRejections (node:internal/process/task_queues:105:5) {
2026-01-10 12:51:21 +00:00:   code: 'ERR_MODULE_NOT_FOUND',
2026-01-10 12:51:21 +00:00:   url: 'file:///var/www/gloriaconnect/backend/dist/infra/logger'
2026-01-10 12:51:21 +00:00: }
2026-01-10 12:51:21 +00:00: 
2026-01-10 12:51:21 +00:00: Node.js v24.4.1
2026-01-10 12:51:22 +00:00: node:internal/modules/esm/resolve:274
2026-01-10 12:51:22 +00:00:     throw new ERR_MODULE_NOT_FOUND(
2026-01-10 12:51:22 +00:00:           ^
2026-01-10 12:51:22 +00:00: 
2026-01-10 12:51:22 +00:00: Error [ERR_MODULE_NOT_FOUND]: Cannot find module '/var/www/gloriaconnect/backend/dist/infra/logger' imported from /var/www/gloriaconnect/backend/dist/infra/grpcClients.js
2026-01-10 12:51:22 +00:00:     at finalizeResolution (node:internal/modules/esm/resolve:274:11)
2026-01-10 12:51:22 +00:00:     at moduleResolve (node:internal/modules/esm/resolve:859:10)
2026-01-10 12:51:22 +00:00:     at defaultResolve (node:internal/modules/esm/resolve:983:11)
2026-01-10 12:51:22 +00:00:     at ModuleLoader.defaultResolve (node:internal/modules/esm/loader:801:12)
2026-01-10 12:51:22 +00:00:     at #cachedDefaultResolve (node:internal/modules/esm/loader:725:25)
2026-01-10 12:51:22 +00:00:     at ModuleLoader.resolve (node:internal/modules/esm/loader:708:38)
2026-01-10 12:51:22 +00:00:     at ModuleLoader.getModuleJobForImport (node:internal/modules/esm/loader:309:38)
2026-01-10 12:51:22 +00:00:     at #link (node:internal/modules/esm/module_job:208:49)
2026-01-10 12:51:22 +00:00:     at process.processTicksAndRejections (node:internal/process/task_queues:105:5) {
2026-01-10 12:51:22 +00:00:   code: 'ERR_MODULE_NOT_FOUND',
2026-01-10 12:51:22 +00:00:   url: 'file:///var/www/gloriaconnect/backend/dist/infra/logger'
2026-01-10 12:51:22 +00:00: }
2026-01-10 12:51:22 +00:00: 
2026-01-10 12:51:22 +00:00: Node.js v24.4.1
2026-01-10 12:51:22 +00:00: node:internal/modules/esm/resolve:274
2026-01-10 12:51:22 +00:00:     throw new ERR_MODULE_NOT_FOUND(
2026-01-10 12:51:22 +00:00:           ^
2026-01-10 12:51:22 +00:00: 
2026-01-10 12:51:22 +00:00: Error [ERR_MODULE_NOT_FOUND]: Cannot find module '/var/www/gloriaconnect/backend/dist/infra/logger' imported from /var/www/gloriaconnect/backend/dist/infra/grpcClients.js
2026-01-10 12:51:22 +00:00:     at finalizeResolution (node:internal/modules/esm/resolve:274:11)
2026-01-10 12:51:22 +00:00:     at moduleResolve (node:internal/modules/esm/resolve:859:10)
2026-01-10 12:51:22 +00:00:     at defaultResolve (node:internal/modules/esm/resolve:983:11)
2026-01-10 12:51:22 +00:00:     at ModuleLoader.defaultResolve (node:internal/modules/esm/loader:801:12)
2026-01-10 12:51:22 +00:00:     at #cachedDefaultResolve (node:internal/modules/esm/loader:725:25)
2026-01-10 12:51:22 +00:00:     at ModuleLoader.resolve (node:internal/modules/esm/loader:708:38)
2026-01-10 12:51:22 +00:00:     at ModuleLoader.getModuleJobForImport (node:internal/modules/esm/loader:309:38)
2026-01-10 12:51:22 +00:00:     at #link (node:internal/modules/esm/module_job:208:49)
2026-01-10 12:51:22 +00:00:     at process.processTicksAndRejections (node:internal/process/task_queues:105:5) {
2026-01-10 12:51:22 +00:00:   code: 'ERR_MODULE_NOT_FOUND',
2026-01-10 12:51:22 +00:00:   url: 'file:///var/www/gloriaconnect/backend/dist/infra/logger'
2026-01-10 12:51:22 +00:00: }
2026-01-10 12:51:22 +00:00: 
2026-01-10 12:51:22 +00:00: Node.js v24.4.1
2026-01-10 12:51:23 +00:00: node:internal/modules/esm/resolve:274
2026-01-10 12:51:23 +00:00:     throw new ERR_MODULE_NOT_FOUND(
2026-01-10 12:51:23 +00:00:           ^
2026-01-10 12:51:23 +00:00: 
2026-01-10 12:51:23 +00:00: Error [ERR_MODULE_NOT_FOUND]: Cannot find module '/var/www/gloriaconnect/backend/dist/infra/logger' imported from /var/www/gloriaconnect/backend/dist/infra/grpcClients.js
2026-01-10 12:51:23 +00:00:     at finalizeResolution (node:internal/modules/esm/resolve:274:11)
2026-01-10 12:51:23 +00:00:     at moduleResolve (node:internal/modules/esm/resolve:859:10)
2026-01-10 12:51:23 +00:00:     at defaultResolve (node:internal/modules/esm/resolve:983:11)
2026-01-10 12:51:23 +00:00:     at ModuleLoader.defaultResolve (node:internal/modules/esm/loader:801:12)
2026-01-10 12:51:23 +00:00:     at #cachedDefaultResolve (node:internal/modules/esm/loader:725:25)
2026-01-10 12:51:23 +00:00:     at ModuleLoader.resolve (node:internal/modules/esm/loader:708:38)
2026-01-10 12:51:23 +00:00:     at ModuleLoader.getModuleJobForImport (node:internal/modules/esm/loader:309:38)
2026-01-10 12:51:23 +00:00:     at #link (node:internal/modules/esm/module_job:208:49)
2026-01-10 12:51:23 +00:00:     at process.processTicksAndRejections (node:internal/process/task_queues:105:5) {
2026-01-10 12:51:23 +00:00:   code: 'ERR_MODULE_NOT_FOUND',
2026-01-10 12:51:23 +00:00:   url: 'file:///var/www/gloriaconnect/backend/dist/infra/logger'
2026-01-10 12:51:23 +00:00: }
2026-01-10 12:51:23 +00:00: 
2026-01-10 12:51:23 +00:00: Node.js v24.4.1
2026-01-10 12:51:24 +00:00: node:internal/modules/esm/resolve:274
2026-01-10 12:51:24 +00:00:     throw new ERR_MODULE_NOT_FOUND(
2026-01-10 12:51:24 +00:00:           ^
2026-01-10 12:51:24 +00:00: 
2026-01-10 12:51:24 +00:00: Error [ERR_MODULE_NOT_FOUND]: Cannot find module '/var/www/gloriaconnect/backend/dist/infra/logger' imported from /var/www/gloriaconnect/backend/dist/infra/grpcClients.js
2026-01-10 12:51:24 +00:00:     at finalizeResolution (node:internal/modules/esm/resolve:274:11)
2026-01-10 12:51:24 +00:00:     at moduleResolve (node:internal/modules/esm/resolve:859:10)
2026-01-10 12:51:24 +00:00:     at defaultResolve (node:internal/modules/esm/resolve:983:11)
2026-01-10 12:51:24 +00:00:     at ModuleLoader.defaultResolve (node:internal/modules/esm/loader:801:12)
2026-01-10 12:51:24 +00:00:     at #cachedDefaultResolve (node:internal/modules/esm/loader:725:25)
2026-01-10 12:51:24 +00:00:     at ModuleLoader.resolve (node:internal/modules/esm/loader:708:38)
2026-01-10 12:51:24 +00:00:     at ModuleLoader.getModuleJobForImport (node:internal/modules/esm/loader:309:38)
2026-01-10 12:51:24 +00:00:     at #link (node:internal/modules/esm/module_job:208:49)
2026-01-10 12:51:24 +00:00:     at process.processTicksAndRejections (node:internal/process/task_queues:105:5) {
2026-01-10 12:51:24 +00:00:   code: 'ERR_MODULE_NOT_FOUND',
2026-01-10 12:51:24 +00:00:   url: 'file:///var/www/gloriaconnect/backend/dist/infra/logger'
2026-01-10 12:51:24 +00:00: }
2026-01-10 12:51:24 +00:00: 
2026-01-10 12:51:24 +00:00: Node.js v24.4.1
2026-01-10 12:51:24 +00:00: node:internal/modules/esm/resolve:274
2026-01-10 12:51:24 +00:00:     throw new ERR_MODULE_NOT_FOUND(
2026-01-10 12:51:24 +00:00:           ^
2026-01-10 12:51:24 +00:00: 
2026-01-10 12:51:24 +00:00: Error [ERR_MODULE_NOT_FOUND]: Cannot find module '/var/www/gloriaconnect/backend/dist/infra/logger' imported from /var/www/gloriaconnect/backend/dist/infra/grpcClients.js
2026-01-10 12:51:24 +00:00:     at finalizeResolution (node:internal/modules/esm/resolve:274:11)
2026-01-10 12:51:24 +00:00:     at moduleResolve (node:internal/modules/esm/resolve:859:10)
2026-01-10 12:51:24 +00:00:     at defaultResolve (node:internal/modules/esm/resolve:983:11)
2026-01-10 12:51:24 +00:00:     at ModuleLoader.defaultResolve (node:internal/modules/esm/loader:801:12)
2026-01-10 12:51:24 +00:00:     at #cachedDefaultResolve (node:internal/modules/esm/loader:725:25)
2026-01-10 12:51:24 +00:00:     at ModuleLoader.resolve (node:internal/modules/esm/loader:708:38)
2026-01-10 12:51:24 +00:00:     at ModuleLoader.getModuleJobForImport (node:internal/modules/esm/loader:309:38)
2026-01-10 12:51:24 +00:00:     at #link (node:internal/modules/esm/module_job:208:49)
2026-01-10 12:51:24 +00:00:     at process.processTicksAndRejections (node:internal/process/task_queues:105:5) {
2026-01-10 12:51:24 +00:00:   code: 'ERR_MODULE_NOT_FOUND',
2026-01-10 12:51:24 +00:00:   url: 'file:///var/www/gloriaconnect/backend/dist/infra/logger'
2026-01-10 12:51:24 +00:00: }
2026-01-10 12:51:24 +00:00: 
2026-01-10 12:51:24 +00:00: Node.js v24.4.1
2026-01-10 12:51:24 +00:00: node:internal/modules/esm/resolve:274
2026-01-10 12:51:24 +00:00:     throw new ERR_MODULE_NOT_FOUND(
2026-01-10 12:51:24 +00:00:           ^
2026-01-10 12:51:24 +00:00: 
2026-01-10 12:51:24 +00:00: Error [ERR_MODULE_NOT_FOUND]: Cannot find module '/var/www/gloriaconnect/backend/dist/infra/logger' imported from /var/www/gloriaconnect/backend/dist/infra/grpcClients.js
2026-01-10 12:51:24 +00:00:     at finalizeResolution (node:internal/modules/esm/resolve:274:11)
2026-01-10 12:51:24 +00:00:     at moduleResolve (node:internal/modules/esm/resolve:859:10)
2026-01-10 12:51:24 +00:00:     at defaultResolve (node:internal/modules/esm/resolve:983:11)
2026-01-10 12:51:24 +00:00:     at ModuleLoader.defaultResolve (node:internal/modules/esm/loader:801:12)
2026-01-10 12:51:24 +00:00:     at #cachedDefaultResolve (node:internal/modules/esm/loader:725:25)
2026-01-10 12:51:24 +00:00:     at ModuleLoader.resolve (node:internal/modules/esm/loader:708:38)
2026-01-10 12:51:24 +00:00:     at ModuleLoader.getModuleJobForImport (node:internal/modules/esm/loader:309:38)
2026-01-10 12:51:24 +00:00:     at #link (node:internal/modules/esm/module_job:208:49)
2026-01-10 12:51:24 +00:00:     at process.processTicksAndRejections (node:internal/process/task_queues:105:5) {
2026-01-10 12:51:24 +00:00:   code: 'ERR_MODULE_NOT_FOUND',
2026-01-10 12:51:24 +00:00:   url: 'file:///var/www/gloriaconnect/backend/dist/infra/logger'
2026-01-10 12:51:24 +00:00: }
2026-01-10 12:51:24 +00:00: 
2026-01-10 12:51:24 +00:00: Node.js v24.4.1
2026-01-10 12:51:25 +00:00: node:internal/modules/esm/resolve:274
2026-01-10 12:51:25 +00:00:     throw new ERR_MODULE_NOT_FOUND(
2026-01-10 12:51:25 +00:00:           ^
2026-01-10 12:51:25 +00:00: 
2026-01-10 12:51:25 +00:00: Error [ERR_MODULE_NOT_FOUND]: Cannot find module '/var/www/gloriaconnect/backend/dist/infra/logger' imported from /var/www/gloriaconnect/backend/dist/infra/grpcClients.js
2026-01-10 12:51:25 +00:00:     at finalizeResolution (node:internal/modules/esm/resolve:274:11)
2026-01-10 12:51:25 +00:00:     at moduleResolve (node:internal/modules/esm/resolve:859:10)
2026-01-10 12:51:25 +00:00:     at defaultResolve (node:internal/modules/esm/resolve:983:11)
2026-01-10 12:51:25 +00:00:     at ModuleLoader.defaultResolve (node:internal/modules/esm/loader:801:12)
2026-01-10 12:51:25 +00:00:     at #cachedDefaultResolve (node:internal/modules/esm/loader:725:25)
2026-01-10 12:51:25 +00:00:     at ModuleLoader.resolve (node:internal/modules/esm/loader:708:38)
2026-01-10 12:51:25 +00:00:     at ModuleLoader.getModuleJobForImport (node:internal/modules/esm/loader:309:38)
2026-01-10 12:51:25 +00:00:     at #link (node:internal/modules/esm/module_job:208:49)
2026-01-10 12:51:25 +00:00:     at process.processTicksAndRejections (node:internal/process/task_queues:105:5) {
2026-01-10 12:51:25 +00:00:   code: 'ERR_MODULE_NOT_FOUND',
2026-01-10 12:51:25 +00:00:   url: 'file:///var/www/gloriaconnect/backend/dist/infra/logger'
2026-01-10 12:51:25 +00:00: }
2026-01-10 12:51:25 +00:00: 
2026-01-10 12:51:25 +00:00: Node.js v24.4.1
2026-01-10 12:51:25 +00:00: node:internal/modules/esm/resolve:274
2026-01-10 12:51:25 +00:00:     throw new ERR_MODULE_NOT_FOUND(
2026-01-10 12:51:25 +00:00:           ^
2026-01-10 12:51:25 +00:00: 
2026-01-10 12:51:25 +00:00: Error [ERR_MODULE_NOT_FOUND]: Cannot find module '/var/www/gloriaconnect/backend/dist/infra/logger' imported from /var/www/gloriaconnect/backend/dist/infra/grpcClients.js
2026-01-10 12:51:25 +00:00:     at finalizeResolution (node:internal/modules/esm/resolve:274:11)
2026-01-10 12:51:25 +00:00:     at moduleResolve (node:internal/modules/esm/resolve:859:10)
2026-01-10 12:51:25 +00:00:     at defaultResolve (node:internal/modules/esm/resolve:983:11)
2026-01-10 12:51:25 +00:00:     at ModuleLoader.defaultResolve (node:internal/modules/esm/loader:801:12)
2026-01-10 12:51:25 +00:00:     at #cachedDefaultResolve (node:internal/modules/esm/loader:725:25)
2026-01-10 12:51:25 +00:00:     at ModuleLoader.resolve (node:internal/modules/esm/loader:708:38)
2026-01-10 12:51:25 +00:00:     at ModuleLoader.getModuleJobForImport (node:internal/modules/esm/loader:309:38)
2026-01-10 12:51:25 +00:00:     at #link (node:internal/modules/esm/module_job:208:49)
2026-01-10 12:51:25 +00:00:     at process.processTicksAndRejections (node:internal/process/task_queues:105:5) {
2026-01-10 12:51:25 +00:00:   code: 'ERR_MODULE_NOT_FOUND',
2026-01-10 12:51:25 +00:00:   url: 'file:///var/www/gloriaconnect/backend/dist/infra/logger'
2026-01-10 12:51:25 +00:00: }
2026-01-10 12:51:25 +00:00: 
2026-01-10 12:51:25 +00:00: Node.js v24.4.1
2026-01-10 12:51:26 +00:00: node:internal/modules/esm/resolve:274
2026-01-10 12:51:26 +00:00:     throw new ERR_MODULE_NOT_FOUND(
2026-01-10 12:51:26 +00:00:           ^
2026-01-10 12:51:26 +00:00: 
2026-01-10 12:51:26 +00:00: Error [ERR_MODULE_NOT_FOUND]: Cannot find module '/var/www/gloriaconnect/backend/dist/infra/logger' imported from /var/www/gloriaconnect/backend/dist/infra/grpcClients.js
2026-01-10 12:51:26 +00:00:     at finalizeResolution (node:internal/modules/esm/resolve:274:11)
2026-01-10 12:51:26 +00:00:     at moduleResolve (node:internal/modules/esm/resolve:859:10)
2026-01-10 12:51:26 +00:00:     at defaultResolve (node:internal/modules/esm/resolve:983:11)
2026-01-10 12:51:26 +00:00:     at ModuleLoader.defaultResolve (node:internal/modules/esm/loader:801:12)
2026-01-10 12:51:26 +00:00:     at #cachedDefaultResolve (node:internal/modules/esm/loader:725:25)
2026-01-10 12:51:26 +00:00:     at ModuleLoader.resolve (node:internal/modules/esm/loader:708:38)
2026-01-10 12:51:26 +00:00:     at ModuleLoader.getModuleJobForImport (node:internal/modules/esm/loader:309:38)
2026-01-10 12:51:26 +00:00:     at #link (node:internal/modules/esm/module_job:208:49)
2026-01-10 12:51:26 +00:00:     at process.processTicksAndRejections (node:internal/process/task_queues:105:5) {
2026-01-10 12:51:26 +00:00:   code: 'ERR_MODULE_NOT_FOUND',
2026-01-10 12:51:26 +00:00:   url: 'file:///var/www/gloriaconnect/backend/dist/infra/logger'
2026-01-10 12:51:26 +00:00: }
2026-01-10 12:51:26 +00:00: 
2026-01-10 12:51:26 +00:00: Node.js v24.4.1
2026-01-10 12:51:58 +00:00: node:internal/modules/esm/resolve:274
2026-01-10 12:51:58 +00:00:     throw new ERR_MODULE_NOT_FOUND(
2026-01-10 12:51:58 +00:00:           ^
2026-01-10 12:51:58 +00:00: 
2026-01-10 12:51:58 +00:00: Error [ERR_MODULE_NOT_FOUND]: Cannot find module '/var/www/gloriaconnect/backend/dist/infra/logger' imported from /var/www/gloriaconnect/backend/dist/infra/grpcClients.js
2026-01-10 12:51:58 +00:00:     at finalizeResolution (node:internal/modules/esm/resolve:274:11)
2026-01-10 12:51:58 +00:00:     at moduleResolve (node:internal/modules/esm/resolve:859:10)
2026-01-10 12:51:58 +00:00:     at defaultResolve (node:internal/modules/esm/resolve:983:11)
2026-01-10 12:51:58 +00:00:     at ModuleLoader.defaultResolve (node:internal/modules/esm/loader:801:12)
2026-01-10 12:51:58 +00:00:     at #cachedDefaultResolve (node:internal/modules/esm/loader:725:25)
2026-01-10 12:51:58 +00:00:     at ModuleLoader.resolve (node:internal/modules/esm/loader:708:38)
2026-01-10 12:51:58 +00:00:     at ModuleLoader.getModuleJobForImport (node:internal/modules/esm/loader:309:38)
2026-01-10 12:51:58 +00:00:     at #link (node:internal/modules/esm/module_job:208:49)
2026-01-10 12:51:58 +00:00:     at process.processTicksAndRejections (node:internal/process/task_queues:105:5) {
2026-01-10 12:51:58 +00:00:   code: 'ERR_MODULE_NOT_FOUND',
2026-01-10 12:51:58 +00:00:   url: 'file:///var/www/gloriaconnect/backend/dist/infra/logger'
2026-01-10 12:51:58 +00:00: }
2026-01-10 12:51:58 +00:00: 
2026-01-10 12:51:58 +00:00: Node.js v24.4.1
2026-01-10 12:51:59 +00:00: node:internal/modules/esm/resolve:274
2026-01-10 12:51:59 +00:00:     throw new ERR_MODULE_NOT_FOUND(
2026-01-10 12:51:59 +00:00:           ^
2026-01-10 12:51:59 +00:00: 
2026-01-10 12:51:59 +00:00: Error [ERR_MODULE_NOT_FOUND]: Cannot find module '/var/www/gloriaconnect/backend/dist/infra/logger' imported from /var/www/gloriaconnect/backend/dist/infra/grpcClients.js
2026-01-10 12:51:59 +00:00:     at finalizeResolution (node:internal/modules/esm/resolve:274:11)
2026-01-10 12:51:59 +00:00:     at moduleResolve (node:internal/modules/esm/resolve:859:10)
2026-01-10 12:51:59 +00:00:     at defaultResolve (node:internal/modules/esm/resolve:983:11)
2026-01-10 12:51:59 +00:00:     at ModuleLoader.defaultResolve (node:internal/modules/esm/loader:801:12)
2026-01-10 12:51:59 +00:00:     at #cachedDefaultResolve (node:internal/modules/esm/loader:725:25)
2026-01-10 12:51:59 +00:00:     at ModuleLoader.resolve (node:internal/modules/esm/loader:708:38)
2026-01-10 12:51:59 +00:00:     at ModuleLoader.getModuleJobForImport (node:internal/modules/esm/loader:309:38)
2026-01-10 12:51:59 +00:00:     at #link (node:internal/modules/esm/module_job:208:49)
2026-01-10 12:51:59 +00:00:     at process.processTicksAndRejections (node:internal/process/task_queues:105:5) {
2026-01-10 12:51:59 +00:00:   code: 'ERR_MODULE_NOT_FOUND',
2026-01-10 12:51:59 +00:00:   url: 'file:///var/www/gloriaconnect/backend/dist/infra/logger'
2026-01-10 12:51:59 +00:00: }
2026-01-10 12:51:59 +00:00: 
2026-01-10 12:51:59 +00:00: Node.js v24.4.1
2026-01-10 12:51:59 +00:00: node:internal/modules/esm/resolve:274
2026-01-10 12:51:59 +00:00:     throw new ERR_MODULE_NOT_FOUND(
2026-01-10 12:51:59 +00:00:           ^
2026-01-10 12:51:59 +00:00: 
2026-01-10 12:51:59 +00:00: Error [ERR_MODULE_NOT_FOUND]: Cannot find module '/var/www/gloriaconnect/backend/dist/infra/logger' imported from /var/www/gloriaconnect/backend/dist/infra/grpcClients.js
2026-01-10 12:51:59 +00:00:     at finalizeResolution (node:internal/modules/esm/resolve:274:11)
2026-01-10 12:51:59 +00:00:     at moduleResolve (node:internal/modules/esm/resolve:859:10)
2026-01-10 12:51:59 +00:00:     at defaultResolve (node:internal/modules/esm/resolve:983:11)
2026-01-10 12:51:59 +00:00:     at ModuleLoader.defaultResolve (node:internal/modules/esm/loader:801:12)
2026-01-10 12:51:59 +00:00:     at #cachedDefaultResolve (node:internal/modules/esm/loader:725:25)
2026-01-10 12:51:59 +00:00:     at ModuleLoader.resolve (node:internal/modules/esm/loader:708:38)
2026-01-10 12:51:59 +00:00:     at ModuleLoader.getModuleJobForImport (node:internal/modules/esm/loader:309:38)
2026-01-10 12:51:59 +00:00:     at #link (node:internal/modules/esm/module_job:208:49)
2026-01-10 12:51:59 +00:00:     at process.processTicksAndRejections (node:internal/process/task_queues:105:5) {
2026-01-10 12:51:59 +00:00:   code: 'ERR_MODULE_NOT_FOUND',
2026-01-10 12:51:59 +00:00:   url: 'file:///var/www/gloriaconnect/backend/dist/infra/logger'
2026-01-10 12:51:59 +00:00: }
2026-01-10 12:51:59 +00:00: 
2026-01-10 12:51:59 +00:00: Node.js v24.4.1
2026-01-10 12:52:00 +00:00: node:internal/modules/esm/resolve:274
2026-01-10 12:52:00 +00:00:     throw new ERR_MODULE_NOT_FOUND(
2026-01-10 12:52:00 +00:00:           ^
2026-01-10 12:52:00 +00:00: 
2026-01-10 12:52:00 +00:00: Error [ERR_MODULE_NOT_FOUND]: Cannot find module '/var/www/gloriaconnect/backend/dist/infra/logger' imported from /var/www/gloriaconnect/backend/dist/infra/grpcClients.js
2026-01-10 12:52:00 +00:00:     at finalizeResolution (node:internal/modules/esm/resolve:274:11)
2026-01-10 12:52:00 +00:00:     at moduleResolve (node:internal/modules/esm/resolve:859:10)
2026-01-10 12:52:00 +00:00:     at defaultResolve (node:internal/modules/esm/resolve:983:11)
2026-01-10 12:52:00 +00:00:     at ModuleLoader.defaultResolve (node:internal/modules/esm/loader:801:12)
2026-01-10 12:52:00 +00:00:     at #cachedDefaultResolve (node:internal/modules/esm/loader:725:25)
2026-01-10 12:52:00 +00:00:     at ModuleLoader.resolve (node:internal/modules/esm/loader:708:38)
2026-01-10 12:52:00 +00:00:     at ModuleLoader.getModuleJobForImport (node:internal/modules/esm/loader:309:38)
2026-01-10 12:52:00 +00:00:     at #link (node:internal/modules/esm/module_job:208:49)
2026-01-10 12:52:00 +00:00:     at process.processTicksAndRejections (node:internal/process/task_queues:105:5) {
2026-01-10 12:52:00 +00:00:   code: 'ERR_MODULE_NOT_FOUND',
2026-01-10 12:52:00 +00:00:   url: 'file:///var/www/gloriaconnect/backend/dist/infra/logger'
2026-01-10 12:52:00 +00:00: }
2026-01-10 12:52:00 +00:00: 
2026-01-10 12:52:00 +00:00: Node.js v24.4.1
2026-01-10 12:52:00 +00:00: node:internal/modules/esm/resolve:274
2026-01-10 12:52:00 +00:00:     throw new ERR_MODULE_NOT_FOUND(
2026-01-10 12:52:00 +00:00:           ^
2026-01-10 12:52:00 +00:00: 
2026-01-10 12:52:00 +00:00: Error [ERR_MODULE_NOT_FOUND]: Cannot find module '/var/www/gloriaconnect/backend/dist/infra/logger' imported from /var/www/gloriaconnect/backend/dist/infra/grpcClients.js
2026-01-10 12:52:00 +00:00:     at finalizeResolution (node:internal/modules/esm/resolve:274:11)
2026-01-10 12:52:00 +00:00:     at moduleResolve (node:internal/modules/esm/resolve:859:10)
2026-01-10 12:52:00 +00:00:     at defaultResolve (node:internal/modules/esm/resolve:983:11)
2026-01-10 12:52:00 +00:00:     at ModuleLoader.defaultResolve (node:internal/modules/esm/loader:801:12)
2026-01-10 12:52:00 +00:00:     at #cachedDefaultResolve (node:internal/modules/esm/loader:725:25)
2026-01-10 12:52:00 +00:00:     at ModuleLoader.resolve (node:internal/modules/esm/loader:708:38)
2026-01-10 12:52:00 +00:00:     at ModuleLoader.getModuleJobForImport (node:internal/modules/esm/loader:309:38)
2026-01-10 12:52:00 +00:00:     at #link (node:internal/modules/esm/module_job:208:49)
2026-01-10 12:52:00 +00:00:     at process.processTicksAndRejections (node:internal/process/task_queues:105:5) {
2026-01-10 12:52:00 +00:00:   code: 'ERR_MODULE_NOT_FOUND',
2026-01-10 12:52:00 +00:00:   url: 'file:///var/www/gloriaconnect/backend/dist/infra/logger'
2026-01-10 12:52:00 +00:00: }
2026-01-10 12:52:00 +00:00: 
2026-01-10 12:52:00 +00:00: Node.js v24.4.1
2026-01-10 12:52:01 +00:00: node:internal/modules/esm/resolve:274
2026-01-10 12:52:01 +00:00:     throw new ERR_MODULE_NOT_FOUND(
2026-01-10 12:52:01 +00:00:           ^
2026-01-10 12:52:01 +00:00: 
2026-01-10 12:52:01 +00:00: Error [ERR_MODULE_NOT_FOUND]: Cannot find module '/var/www/gloriaconnect/backend/dist/infra/logger' imported from /var/www/gloriaconnect/backend/dist/infra/grpcClients.js
2026-01-10 12:52:01 +00:00:     at finalizeResolution (node:internal/modules/esm/resolve:274:11)
2026-01-10 12:52:01 +00:00:     at moduleResolve (node:internal/modules/esm/resolve:859:10)
2026-01-10 12:52:01 +00:00:     at defaultResolve (node:internal/modules/esm/resolve:983:11)
2026-01-10 12:52:01 +00:00:     at ModuleLoader.defaultResolve (node:internal/modules/esm/loader:801:12)
2026-01-10 12:52:01 +00:00:     at #cachedDefaultResolve (node:internal/modules/esm/loader:725:25)
2026-01-10 12:52:01 +00:00:     at ModuleLoader.resolve (node:internal/modules/esm/loader:708:38)
2026-01-10 12:52:01 +00:00:     at ModuleLoader.getModuleJobForImport (node:internal/modules/esm/loader:309:38)
2026-01-10 12:52:01 +00:00:     at #link (node:internal/modules/esm/module_job:208:49)
2026-01-10 12:52:01 +00:00:     at process.processTicksAndRejections (node:internal/process/task_queues:105:5) {
2026-01-10 12:52:01 +00:00:   code: 'ERR_MODULE_NOT_FOUND',
2026-01-10 12:52:01 +00:00:   url: 'file:///var/www/gloriaconnect/backend/dist/infra/logger'
2026-01-10 12:52:01 +00:00: }
2026-01-10 12:52:01 +00:00: 
2026-01-10 12:52:01 +00:00: Node.js v24.4.1
2026-01-10 12:52:01 +00:00: node:internal/modules/esm/resolve:274
2026-01-10 12:52:01 +00:00:     throw new ERR_MODULE_NOT_FOUND(
2026-01-10 12:52:01 +00:00:           ^
2026-01-10 12:52:01 +00:00: 
2026-01-10 12:52:01 +00:00: Error [ERR_MODULE_NOT_FOUND]: Cannot find module '/var/www/gloriaconnect/backend/dist/infra/logger' imported from /var/www/gloriaconnect/backend/dist/infra/grpcClients.js
2026-01-10 12:52:01 +00:00:     at finalizeResolution (node:internal/modules/esm/resolve:274:11)
2026-01-10 12:52:01 +00:00:     at moduleResolve (node:internal/modules/esm/resolve:859:10)
2026-01-10 12:52:01 +00:00:     at defaultResolve (node:internal/modules/esm/resolve:983:11)
2026-01-10 12:52:01 +00:00:     at ModuleLoader.defaultResolve (node:internal/modules/esm/loader:801:12)
2026-01-10 12:52:01 +00:00:     at #cachedDefaultResolve (node:internal/modules/esm/loader:725:25)
2026-01-10 12:52:01 +00:00:     at ModuleLoader.resolve (node:internal/modules/esm/loader:708:38)
2026-01-10 12:52:01 +00:00:     at ModuleLoader.getModuleJobForImport (node:internal/modules/esm/loader:309:38)
2026-01-10 12:52:01 +00:00:     at #link (node:internal/modules/esm/module_job:208:49)
2026-01-10 12:52:01 +00:00:     at process.processTicksAndRejections (node:internal/process/task_queues:105:5) {
2026-01-10 12:52:01 +00:00:   code: 'ERR_MODULE_NOT_FOUND',
2026-01-10 12:52:01 +00:00:   url: 'file:///var/www/gloriaconnect/backend/dist/infra/logger'
2026-01-10 12:52:01 +00:00: }
2026-01-10 12:52:01 +00:00: 
2026-01-10 12:52:01 +00:00: Node.js v24.4.1
2026-01-10 12:52:02 +00:00: node:internal/modules/esm/resolve:274
2026-01-10 12:52:02 +00:00:     throw new ERR_MODULE_NOT_FOUND(
2026-01-10 12:52:02 +00:00:           ^
2026-01-10 12:52:02 +00:00: 
2026-01-10 12:52:02 +00:00: Error [ERR_MODULE_NOT_FOUND]: Cannot find module '/var/www/gloriaconnect/backend/dist/infra/logger' imported from /var/www/gloriaconnect/backend/dist/infra/grpcClients.js
2026-01-10 12:52:02 +00:00:     at finalizeResolution (node:internal/modules/esm/resolve:274:11)
2026-01-10 12:52:02 +00:00:     at moduleResolve (node:internal/modules/esm/resolve:859:10)
2026-01-10 12:52:02 +00:00:     at defaultResolve (node:internal/modules/esm/resolve:983:11)
2026-01-10 12:52:02 +00:00:     at ModuleLoader.defaultResolve (node:internal/modules/esm/loader:801:12)
2026-01-10 12:52:02 +00:00:     at #cachedDefaultResolve (node:internal/modules/esm/loader:725:25)
2026-01-10 12:52:02 +00:00:     at ModuleLoader.resolve (node:internal/modules/esm/loader:708:38)
2026-01-10 12:52:02 +00:00:     at ModuleLoader.getModuleJobForImport (node:internal/modules/esm/loader:309:38)
2026-01-10 12:52:02 +00:00:     at #link (node:internal/modules/esm/module_job:208:49)
2026-01-10 12:52:02 +00:00:     at process.processTicksAndRejections (node:internal/process/task_queues:105:5) {
2026-01-10 12:52:02 +00:00:   code: 'ERR_MODULE_NOT_FOUND',
2026-01-10 12:52:02 +00:00:   url: 'file:///var/www/gloriaconnect/backend/dist/infra/logger'
2026-01-10 12:52:02 +00:00: }
2026-01-10 12:52:02 +00:00: 
2026-01-10 12:52:02 +00:00: Node.js v24.4.1
2026-01-10 12:52:02 +00:00: node:internal/modules/esm/resolve:274
2026-01-10 12:52:02 +00:00:     throw new ERR_MODULE_NOT_FOUND(
2026-01-10 12:52:02 +00:00:           ^
2026-01-10 12:52:02 +00:00: 
2026-01-10 12:52:02 +00:00: Error [ERR_MODULE_NOT_FOUND]: Cannot find module '/var/www/gloriaconnect/backend/dist/infra/logger' imported from /var/www/gloriaconnect/backend/dist/infra/grpcClients.js
2026-01-10 12:52:02 +00:00:     at finalizeResolution (node:internal/modules/esm/resolve:274:11)
2026-01-10 12:52:02 +00:00:     at moduleResolve (node:internal/modules/esm/resolve:859:10)
2026-01-10 12:52:02 +00:00:     at defaultResolve (node:internal/modules/esm/resolve:983:11)
2026-01-10 12:52:02 +00:00:     at ModuleLoader.defaultResolve (node:internal/modules/esm/loader:801:12)
2026-01-10 12:52:02 +00:00:     at #cachedDefaultResolve (node:internal/modules/esm/loader:725:25)
2026-01-10 12:52:02 +00:00:     at ModuleLoader.resolve (node:internal/modules/esm/loader:708:38)
2026-01-10 12:52:02 +00:00:     at ModuleLoader.getModuleJobForImport (node:internal/modules/esm/loader:309:38)
2026-01-10 12:52:02 +00:00:     at #link (node:internal/modules/esm/module_job:208:49)
2026-01-10 12:52:02 +00:00:     at process.processTicksAndRejections (node:internal/process/task_queues:105:5) {
2026-01-10 12:52:02 +00:00:   code: 'ERR_MODULE_NOT_FOUND',
2026-01-10 12:52:02 +00:00:   url: 'file:///var/www/gloriaconnect/backend/dist/infra/logger'
2026-01-10 12:52:02 +00:00: }
2026-01-10 12:52:02 +00:00: 
2026-01-10 12:52:02 +00:00: Node.js v24.4.1
2026-01-10 12:52:03 +00:00: node:internal/modules/esm/resolve:274
2026-01-10 12:52:03 +00:00:     throw new ERR_MODULE_NOT_FOUND(
2026-01-10 12:52:03 +00:00:           ^
2026-01-10 12:52:03 +00:00: 
2026-01-10 12:52:03 +00:00: Error [ERR_MODULE_NOT_FOUND]: Cannot find module '/var/www/gloriaconnect/backend/dist/infra/logger' imported from /var/www/gloriaconnect/backend/dist/infra/grpcClients.js
2026-01-10 12:52:03 +00:00:     at finalizeResolution (node:internal/modules/esm/resolve:274:11)
2026-01-10 12:52:03 +00:00:     at moduleResolve (node:internal/modules/esm/resolve:859:10)
2026-01-10 12:52:03 +00:00:     at defaultResolve (node:internal/modules/esm/resolve:983:11)
2026-01-10 12:52:03 +00:00:     at ModuleLoader.defaultResolve (node:internal/modules/esm/loader:801:12)
2026-01-10 12:52:03 +00:00:     at #cachedDefaultResolve (node:internal/modules/esm/loader:725:25)
2026-01-10 12:52:03 +00:00:     at ModuleLoader.resolve (node:internal/modules/esm/loader:708:38)
2026-01-10 12:52:03 +00:00:     at ModuleLoader.getModuleJobForImport (node:internal/modules/esm/loader:309:38)
2026-01-10 12:52:03 +00:00:     at #link (node:internal/modules/esm/module_job:208:49)
2026-01-10 12:52:03 +00:00:     at process.processTicksAndRejections (node:internal/process/task_queues:105:5) {
2026-01-10 12:52:03 +00:00:   code: 'ERR_MODULE_NOT_FOUND',
2026-01-10 12:52:03 +00:00:   url: 'file:///var/www/gloriaconnect/backend/dist/infra/logger'
2026-01-10 12:52:03 +00:00: }
2026-01-10 12:52:03 +00:00: 
2026-01-10 12:52:03 +00:00: Node.js v24.4.1
2026-01-10 12:52:04 +00:00: node:internal/modules/esm/resolve:274
2026-01-10 12:52:04 +00:00:     throw new ERR_MODULE_NOT_FOUND(
2026-01-10 12:52:04 +00:00:           ^
2026-01-10 12:52:04 +00:00: 
2026-01-10 12:52:04 +00:00: Error [ERR_MODULE_NOT_FOUND]: Cannot find module '/var/www/gloriaconnect/backend/dist/infra/logger' imported from /var/www/gloriaconnect/backend/dist/infra/grpcClients.js
2026-01-10 12:52:04 +00:00:     at finalizeResolution (node:internal/modules/esm/resolve:274:11)
2026-01-10 12:52:04 +00:00:     at moduleResolve (node:internal/modules/esm/resolve:859:10)
2026-01-10 12:52:04 +00:00:     at defaultResolve (node:internal/modules/esm/resolve:983:11)
2026-01-10 12:52:04 +00:00:     at ModuleLoader.defaultResolve (node:internal/modules/esm/loader:801:12)
2026-01-10 12:52:04 +00:00:     at #cachedDefaultResolve (node:internal/modules/esm/loader:725:25)
2026-01-10 12:52:04 +00:00:     at ModuleLoader.resolve (node:internal/modules/esm/loader:708:38)
2026-01-10 12:52:04 +00:00:     at ModuleLoader.getModuleJobForImport (node:internal/modules/esm/loader:309:38)
2026-01-10 12:52:04 +00:00:     at #link (node:internal/modules/esm/module_job:208:49)
2026-01-10 12:52:04 +00:00:     at process.processTicksAndRejections (node:internal/process/task_queues:105:5) {
2026-01-10 12:52:04 +00:00:   code: 'ERR_MODULE_NOT_FOUND',
2026-01-10 12:52:04 +00:00:   url: 'file:///var/www/gloriaconnect/backend/dist/infra/logger'
2026-01-10 12:52:04 +00:00: }
2026-01-10 12:52:04 +00:00: 
2026-01-10 12:52:04 +00:00: Node.js v24.4.1
2026-01-10 12:52:04 +00:00: node:internal/modules/esm/resolve:274
2026-01-10 12:52:04 +00:00:     throw new ERR_MODULE_NOT_FOUND(
2026-01-10 12:52:04 +00:00:           ^
2026-01-10 12:52:04 +00:00: 
2026-01-10 12:52:04 +00:00: Error [ERR_MODULE_NOT_FOUND]: Cannot find module '/var/www/gloriaconnect/backend/dist/infra/logger' imported from /var/www/gloriaconnect/backend/dist/infra/grpcClients.js
2026-01-10 12:52:04 +00:00:     at finalizeResolution (node:internal/modules/esm/resolve:274:11)
2026-01-10 12:52:04 +00:00:     at moduleResolve (node:internal/modules/esm/resolve:859:10)
2026-01-10 12:52:04 +00:00:     at defaultResolve (node:internal/modules/esm/resolve:983:11)
2026-01-10 12:52:04 +00:00:     at ModuleLoader.defaultResolve (node:internal/modules/esm/loader:801:12)
2026-01-10 12:52:04 +00:00:     at #cachedDefaultResolve (node:internal/modules/esm/loader:725:25)
2026-01-10 12:52:04 +00:00:     at ModuleLoader.resolve (node:internal/modules/esm/loader:708:38)
2026-01-10 12:52:04 +00:00:     at ModuleLoader.getModuleJobForImport (node:internal/modules/esm/loader:309:38)
2026-01-10 12:52:04 +00:00:     at #link (node:internal/modules/esm/module_job:208:49)
2026-01-10 12:52:04 +00:00:     at process.processTicksAndRejections (node:internal/process/task_queues:105:5) {
2026-01-10 12:52:04 +00:00:   code: 'ERR_MODULE_NOT_FOUND',
2026-01-10 12:52:04 +00:00:   url: 'file:///var/www/gloriaconnect/backend/dist/infra/logger'
2026-01-10 12:52:04 +00:00: }
2026-01-10 12:52:04 +00:00: 
2026-01-10 12:52:04 +00:00: Node.js v24.4.1
2026-01-10 12:52:05 +00:00: node:internal/modules/esm/resolve:274
2026-01-10 12:52:05 +00:00:     throw new ERR_MODULE_NOT_FOUND(
2026-01-10 12:52:05 +00:00:           ^
2026-01-10 12:52:05 +00:00: 
2026-01-10 12:52:05 +00:00: Error [ERR_MODULE_NOT_FOUND]: Cannot find module '/var/www/gloriaconnect/backend/dist/infra/logger' imported from /var/www/gloriaconnect/backend/dist/infra/grpcClients.js
2026-01-10 12:52:05 +00:00:     at finalizeResolution (node:internal/modules/esm/resolve:274:11)
2026-01-10 12:52:05 +00:00:     at moduleResolve (node:internal/modules/esm/resolve:859:10)
2026-01-10 12:52:05 +00:00:     at defaultResolve (node:internal/modules/esm/resolve:983:11)
2026-01-10 12:52:05 +00:00:     at ModuleLoader.defaultResolve (node:internal/modules/esm/loader:801:12)
2026-01-10 12:52:05 +00:00:     at #cachedDefaultResolve (node:internal/modules/esm/loader:725:25)
2026-01-10 12:52:05 +00:00:     at ModuleLoader.resolve (node:internal/modules/esm/loader:708:38)
2026-01-10 12:52:05 +00:00:     at ModuleLoader.getModuleJobForImport (node:internal/modules/esm/loader:309:38)
2026-01-10 12:52:05 +00:00:     at #link (node:internal/modules/esm/module_job:208:49)
2026-01-10 12:52:05 +00:00:     at process.processTicksAndRejections (node:internal/process/task_queues:105:5) {
2026-01-10 12:52:05 +00:00:   code: 'ERR_MODULE_NOT_FOUND',
2026-01-10 12:52:05 +00:00:   url: 'file:///var/www/gloriaconnect/backend/dist/infra/logger'
2026-01-10 12:52:05 +00:00: }
2026-01-10 12:52:05 +00:00: 
2026-01-10 12:52:05 +00:00: Node.js v24.4.1
2026-01-10 12:52:06 +00:00: node:internal/modules/esm/resolve:274
2026-01-10 12:52:06 +00:00:     throw new ERR_MODULE_NOT_FOUND(
2026-01-10 12:52:06 +00:00:           ^
2026-01-10 12:52:06 +00:00: 
2026-01-10 12:52:06 +00:00: Error [ERR_MODULE_NOT_FOUND]: Cannot find module '/var/www/gloriaconnect/backend/dist/infra/logger' imported from /var/www/gloriaconnect/backend/dist/infra/grpcClients.js
2026-01-10 12:52:06 +00:00:     at finalizeResolution (node:internal/modules/esm/resolve:274:11)
2026-01-10 12:52:06 +00:00:     at moduleResolve (node:internal/modules/esm/resolve:859:10)
2026-01-10 12:52:06 +00:00:     at defaultResolve (node:internal/modules/esm/resolve:983:11)
2026-01-10 12:52:06 +00:00:     at ModuleLoader.defaultResolve (node:internal/modules/esm/loader:801:12)
2026-01-10 12:52:06 +00:00:     at #cachedDefaultResolve (node:internal/modules/esm/loader:725:25)
2026-01-10 12:52:06 +00:00:     at ModuleLoader.resolve (node:internal/modules/esm/loader:708:38)
2026-01-10 12:52:06 +00:00:     at ModuleLoader.getModuleJobForImport (node:internal/modules/esm/loader:309:38)
2026-01-10 12:52:06 +00:00:     at #link (node:internal/modules/esm/module_job:208:49)
2026-01-10 12:52:06 +00:00:     at process.processTicksAndRejections (node:internal/process/task_queues:105:5) {
2026-01-10 12:52:06 +00:00:   code: 'ERR_MODULE_NOT_FOUND',
2026-01-10 12:52:06 +00:00:   url: 'file:///var/www/gloriaconnect/backend/dist/infra/logger'
2026-01-10 12:52:06 +00:00: }
2026-01-10 12:52:06 +00:00: 
2026-01-10 12:52:06 +00:00: Node.js v24.4.1
2026-01-10 12:52:06 +00:00: node:internal/modules/esm/resolve:274
2026-01-10 12:52:06 +00:00:     throw new ERR_MODULE_NOT_FOUND(
2026-01-10 12:52:06 +00:00:           ^
2026-01-10 12:52:06 +00:00: 
2026-01-10 12:52:06 +00:00: Error [ERR_MODULE_NOT_FOUND]: Cannot find module '/var/www/gloriaconnect/backend/dist/infra/logger' imported from /var/www/gloriaconnect/backend/dist/infra/grpcClients.js
2026-01-10 12:52:06 +00:00:     at finalizeResolution (node:internal/modules/esm/resolve:274:11)
2026-01-10 12:52:06 +00:00:     at moduleResolve (node:internal/modules/esm/resolve:859:10)
2026-01-10 12:52:06 +00:00:     at defaultResolve (node:internal/modules/esm/resolve:983:11)
2026-01-10 12:52:06 +00:00:     at ModuleLoader.defaultResolve (node:internal/modules/esm/loader:801:12)
2026-01-10 12:52:06 +00:00:     at #cachedDefaultResolve (node:internal/modules/esm/loader:725:25)
2026-01-10 12:52:06 +00:00:     at ModuleLoader.resolve (node:internal/modules/esm/loader:708:38)
2026-01-10 12:52:06 +00:00:     at ModuleLoader.getModuleJobForImport (node:internal/modules/esm/loader:309:38)
2026-01-10 12:52:06 +00:00:     at #link (node:internal/modules/esm/module_job:208:49)
2026-01-10 12:52:06 +00:00:     at process.processTicksAndRejections (node:internal/process/task_queues:105:5) {
2026-01-10 12:52:06 +00:00:   code: 'ERR_MODULE_NOT_FOUND',
2026-01-10 12:52:06 +00:00:   url: 'file:///var/www/gloriaconnect/backend/dist/infra/logger'
2026-01-10 12:52:06 +00:00: }
2026-01-10 12:52:06 +00:00: 
2026-01-10 12:52:06 +00:00: Node.js v24.4.1
2026-01-10 12:52:07 +00:00: node:internal/modules/esm/resolve:274
2026-01-10 12:52:07 +00:00:     throw new ERR_MODULE_NOT_FOUND(
2026-01-10 12:52:07 +00:00:           ^
2026-01-10 12:52:07 +00:00: 
2026-01-10 12:52:07 +00:00: Error [ERR_MODULE_NOT_FOUND]: Cannot find module '/var/www/gloriaconnect/backend/dist/infra/logger' imported from /var/www/gloriaconnect/backend/dist/infra/grpcClients.js
2026-01-10 12:52:07 +00:00:     at finalizeResolution (node:internal/modules/esm/resolve:274:11)
2026-01-10 12:52:07 +00:00:     at moduleResolve (node:internal/modules/esm/resolve:859:10)
2026-01-10 12:52:07 +00:00:     at defaultResolve (node:internal/modules/esm/resolve:983:11)
2026-01-10 12:52:07 +00:00:     at ModuleLoader.defaultResolve (node:internal/modules/esm/loader:801:12)
2026-01-10 12:52:07 +00:00:     at #cachedDefaultResolve (node:internal/modules/esm/loader:725:25)
2026-01-10 12:52:07 +00:00:     at ModuleLoader.resolve (node:internal/modules/esm/loader:708:38)
2026-01-10 12:52:07 +00:00:     at ModuleLoader.getModuleJobForImport (node:internal/modules/esm/loader:309:38)
2026-01-10 12:52:07 +00:00:     at #link (node:internal/modules/esm/module_job:208:49)
2026-01-10 12:52:07 +00:00:     at process.processTicksAndRejections (node:internal/process/task_queues:105:5) {
2026-01-10 12:52:07 +00:00:   code: 'ERR_MODULE_NOT_FOUND',
2026-01-10 12:52:07 +00:00:   url: 'file:///var/www/gloriaconnect/backend/dist/infra/logger'
2026-01-10 12:52:07 +00:00: }
2026-01-10 12:52:07 +00:00: 
2026-01-10 12:52:07 +00:00: Node.js v24.4.1
2026-01-10 12:55:13 +00:00: E No address added out of total 1 resolved
2026-01-10 12:55:13 +00:00: ❌ Unhandled Promise Rejection at: Promise {
2026-01-10 12:55:13 +00:00:   <rejected> Error: No address added out of total 1 resolved errors: [listen EADDRINUSE: address already in use 0.0.0.0:50051]
2026-01-10 12:55:13 +00:00:       at Server.bindAddressList (/var/www/gloriaconnect/backend/node_modules/@grpc/grpc-js/build/src/server.js:490:27)
2026-01-10 12:55:13 +00:00:       at processTicksAndRejections (node:internal/process/task_queues:105:5)
2026-01-10 12:55:13 +00:00:       at runNextTicks (node:internal/process/task_queues:69:3)
2026-01-10 12:55:13 +00:00:       at process.processImmediate (node:internal/timers:473:9)
2026-01-10 12:55:13 +00:00:       at async Server.bindPort (/var/www/gloriaconnect/backend/node_modules/@grpc/grpc-js/build/src/server.js:523:36)
2026-01-10 12:55:13 +00:00: } reason: Error: No address added out of total 1 resolved errors: [listen EADDRINUSE: address already in use 0.0.0.0:50051]
2026-01-10 12:55:13 +00:00:     at Server.bindAddressList (/var/www/gloriaconnect/backend/node_modules/@grpc/grpc-js/build/src/server.js:490:27)
2026-01-10 12:55:13 +00:00:     at processTicksAndRejections (node:internal/process/task_queues:105:5)
2026-01-10 12:55:13 +00:00:     at runNextTicks (node:internal/process/task_queues:69:3)
2026-01-10 12:55:13 +00:00:     at process.processImmediate (node:internal/timers:473:9)
2026-01-10 12:55:13 +00:00:     at async Server.bindPort (/var/www/gloriaconnect/backend/node_modules/@grpc/grpc-js/build/src/server.js:523:36)
2026-01-10 12:55:13 +00:00: E No address added out of total 1 resolved
2026-01-10 12:55:13 +00:00: Public gRPC bind error Error: No address added out of total 1 resolved errors: [listen EADDRINUSE: address already in use 0.0.0.0:50052]
2026-01-10 12:55:13 +00:00:     at Server.bindAddressList (/var/www/gloriaconnect/backend/node_modules/@grpc/grpc-js/build/src/server.js:490:27)
2026-01-10 12:55:13 +00:00:     at process.processTicksAndRejections (node:internal/process/task_queues:105:5)
2026-01-10 12:55:13 +00:00:     at async Server.bindPort (/var/www/gloriaconnect/backend/node_modules/@grpc/grpc-js/build/src/server.js:523:36)
2026-01-10 14:00:36 +00:00: E No address added out of total 1 resolved
2026-01-10 14:00:36 +00:00: ❌ Unhandled Promise Rejection at: Promise {
2026-01-10 14:00:36 +00:00:   <rejected> Error: No address added out of total 1 resolved errors: [listen EADDRINUSE: address already in use 0.0.0.0:50051]
2026-01-10 14:00:36 +00:00:       at Server.bindAddressList (/var/www/gloriaconnect/backend/node_modules/@grpc/grpc-js/build/src/server.js:490:27)
2026-01-10 14:00:36 +00:00:       at processTicksAndRejections (node:internal/process/task_queues:105:5)
2026-01-10 14:00:36 +00:00:       at runNextTicks (node:internal/process/task_queues:69:3)
2026-01-10 14:00:36 +00:00:       at process.processImmediate (node:internal/timers:473:9)
2026-01-10 14:00:36 +00:00:       at async Server.bindPort (/var/www/gloriaconnect/backend/node_modules/@grpc/grpc-js/build/src/server.js:523:36)
2026-01-10 14:00:36 +00:00: } reason: Error: No address added out of total 1 resolved errors: [listen EADDRINUSE: address already in use 0.0.0.0:50051]
2026-01-10 14:00:36 +00:00:     at Server.bindAddressList (/var/www/gloriaconnect/backend/node_modules/@grpc/grpc-js/build/src/server.js:490:27)
2026-01-10 14:00:36 +00:00:     at processTicksAndRejections (node:internal/process/task_queues:105:5)
2026-01-10 14:00:36 +00:00:     at runNextTicks (node:internal/process/task_queues:69:3)
2026-01-10 14:00:36 +00:00:     at process.processImmediate (node:internal/timers:473:9)
2026-01-10 14:00:36 +00:00:     at async Server.bindPort (/var/www/gloriaconnect/backend/node_modules/@grpc/grpc-js/build/src/server.js:523:36)
2026-01-10 14:00:36 +00:00: E No address added out of total 1 resolved
2026-01-10 14:00:36 +00:00: Public gRPC bind error Error: No address added out of total 1 resolved errors: [listen EADDRINUSE: address already in use 0.0.0.0:50052]
2026-01-10 14:00:36 +00:00:     at Server.bindAddressList (/var/www/gloriaconnect/backend/node_modules/@grpc/grpc-js/build/src/server.js:490:27)
2026-01-10 14:00:36 +00:00:     at process.processTicksAndRejections (node:internal/process/task_queues:105:5)
2026-01-10 14:00:36 +00:00:     at async Server.bindPort (/var/www/gloriaconnect/backend/node_modules/@grpc/grpc-js/build/src/server.js:523:36)
2026-01-10 14:01:31 +00:00: (node:297872) DeprecationWarning: Calling start() is no longer necessary. It can be safely omitted.
2026-01-10 14:01:31 +00:00: (Use `node --trace-deprecation ...` to show where the warning was created)
2026-01-10 14:01:48 +00:00: ValidationError: The 'X-Forwarded-For' header is set but the Express 'trust proxy' setting is false (default). This could indicate a misconfiguration which would prevent express-rate-limit from accurately identifying users. See https://express-rate-limit.github.io/ERR_ERL_UNEXPECTED_X_FORWARDED_FOR/ for more information.
2026-01-10 14:01:48 +00:00:     at Object.xForwardedForHeader (file:///var/www/gloriaconnect/backend/node_modules/express-rate-limit/dist/index.mjs:157:13)
2026-01-10 14:01:48 +00:00:     at wrappedValidations.<computed> [as xForwardedForHeader] (file:///var/www/gloriaconnect/backend/node_modules/express-rate-limit/dist/index.mjs:369:22)
2026-01-10 14:01:48 +00:00:     at Object.keyGenerator (file:///var/www/gloriaconnect/backend/node_modules/express-rate-limit/dist/index.mjs:630:20)
2026-01-10 14:01:48 +00:00:     at file:///var/www/gloriaconnect/backend/node_modules/express-rate-limit/dist/index.mjs:682:32
2026-01-10 14:01:48 +00:00:     at process.processTicksAndRejections (node:internal/process/task_queues:105:5)
2026-01-10 14:01:48 +00:00:     at async file:///var/www/gloriaconnect/backend/node_modules/express-rate-limit/dist/index.mjs:663:5 {
2026-01-10 14:01:48 +00:00:   code: 'ERR_ERL_UNEXPECTED_X_FORWARDED_FOR',
2026-01-10 14:01:48 +00:00:   help: 'https://express-rate-limit.github.io/ERR_ERL_UNEXPECTED_X_FORWARDED_FOR/'
2026-01-10 14:01:48 +00:00: }
2026-01-10 14:17:18 +00:00: (node:300069) DeprecationWarning: Calling start() is no longer necessary. It can be safely omitted.
2026-01-10 14:17:18 +00:00: (Use `node --trace-deprecation ...` to show where the warning was created)
2026-01-10 14:18:57 +00:00: (node:300552) DeprecationWarning: Calling start() is no longer necessary. It can be safely omitted.
2026-01-10 14:18:57 +00:00: (Use `node --trace-deprecation ...` to show where the warning was created)
2026-01-10 14:19:36 +00:00: ValidationError: The 'X-Forwarded-For' header is set but the Express 'trust proxy' setting is false (default). This could indicate a misconfiguration which would prevent express-rate-limit from accurately identifying users. See https://express-rate-limit.github.io/ERR_ERL_UNEXPECTED_X_FORWARDED_FOR/ for more information.
2026-01-10 14:19:37 +00:00:     at Object.xForwardedForHeader (file:///var/www/gloriaconnect/backend/node_modules/express-rate-limit/dist/index.mjs:157:13)
2026-01-10 14:19:37 +00:00:     at wrappedValidations.<computed> [as xForwardedForHeader] (file:///var/www/gloriaconnect/backend/node_modules/express-rate-limit/dist/index.mjs:369:22)
2026-01-10 14:19:37 +00:00:     at Object.keyGenerator (file:///var/www/gloriaconnect/backend/node_modules/express-rate-limit/dist/index.mjs:630:20)
2026-01-10 14:19:37 +00:00:     at file:///var/www/gloriaconnect/backend/node_modules/express-rate-limit/dist/index.mjs:682:32
2026-01-10 14:19:37 +00:00:     at process.processTicksAndRejections (node:internal/process/task_queues:105:5)
2026-01-10 14:19:37 +00:00:     at async file:///var/www/gloriaconnect/backend/node_modules/express-rate-limit/dist/index.mjs:663:5 {
2026-01-10 14:19:37 +00:00:   code: 'ERR_ERL_UNEXPECTED_X_FORWARDED_FOR',
2026-01-10 14:19:37 +00:00:   help: 'https://express-rate-limit.github.io/ERR_ERL_UNEXPECTED_X_FORWARDED_FOR/'
2026-01-10 14:19:37 +00:00: }
2026-01-10 14:48:39 +00:00: Failed to send draft notification: Error: connect ECONNREFUSED 209.85.202.108:587
2026-01-10 14:48:39 +00:00:     at TCPConnectWrap.afterConnect [as oncomplete] (node:net:1637:16) {
2026-01-10 14:48:39 +00:00:   errno: -111,
2026-01-10 14:48:39 +00:00:   code: 'ESOCKET',
2026-01-10 14:48:39 +00:00:   syscall: 'connect',
2026-01-10 14:48:39 +00:00:   address: '209.85.202.108',
2026-01-10 14:48:39 +00:00:   port: 587,
2026-01-10 14:48:39 +00:00:   command: 'CONN'
2026-01-10 14:48:39 +00:00: }
2026-01-10 14:55:13 +00:00: (node:303398) DeprecationWarning: Calling start() is no longer necessary. It can be safely omitted.
2026-01-10 14:55:13 +00:00: (Use `node --trace-deprecation ...` to show where the warning was created)
2026-01-10 14:59:07 +00:00: E No address added out of total 1 resolved
2026-01-10 14:59:07 +00:00: ❌ Unhandled Promise Rejection at: Promise {
2026-01-10 14:59:07 +00:00:   <rejected> Error: No address added out of total 1 resolved errors: [listen EADDRINUSE: address already in use 0.0.0.0:50051]
2026-01-10 14:59:07 +00:00:       at Server.bindAddressList (/var/www/gloriaconnect/backend/node_modules/@grpc/grpc-js/build/src/server.js:490:27)
2026-01-10 14:59:07 +00:00:       at processTicksAndRejections (node:internal/process/task_queues:105:5)
2026-01-10 14:59:07 +00:00:       at runNextTicks (node:internal/process/task_queues:69:3)
2026-01-10 14:59:07 +00:00:       at process.processImmediate (node:internal/timers:473:9)
2026-01-10 14:59:07 +00:00:       at async Server.bindPort (/var/www/gloriaconnect/backend/node_modules/@grpc/grpc-js/build/src/server.js:523:36)
2026-01-10 14:59:07 +00:00: } reason: Error: No address added out of total 1 resolved errors: [listen EADDRINUSE: address already in use 0.0.0.0:50051]
2026-01-10 14:59:07 +00:00:     at Server.bindAddressList (/var/www/gloriaconnect/backend/node_modules/@grpc/grpc-js/build/src/server.js:490:27)
2026-01-10 14:59:07 +00:00:     at processTicksAndRejections (node:internal/process/task_queues:105:5)
2026-01-10 14:59:07 +00:00:     at runNextTicks (node:internal/process/task_queues:69:3)
2026-01-10 14:59:07 +00:00:     at process.processImmediate (node:internal/timers:473:9)
2026-01-10 14:59:07 +00:00:     at async Server.bindPort (/var/www/gloriaconnect/backend/node_modules/@grpc/grpc-js/build/src/server.js:523:36)
2026-01-10 14:59:07 +00:00: E No address added out of total 1 resolved
2026-01-10 14:59:07 +00:00: Public gRPC bind error Error: No address added out of total 1 resolved errors: [listen EADDRINUSE: address already in use 0.0.0.0:50052]
2026-01-10 14:59:07 +00:00:     at Server.bindAddressList (/var/www/gloriaconnect/backend/node_modules/@grpc/grpc-js/build/src/server.js:490:27)
2026-01-10 14:59:07 +00:00:     at process.processTicksAndRejections (node:internal/process/task_queues:105:5)
2026-01-10 14:59:07 +00:00:     at async Server.bindPort (/var/www/gloriaconnect/backend/node_modules/@grpc/grpc-js/build/src/server.js:523:36)
2026-01-10 15:00:54 +00:00: E No address added out of total 1 resolved
2026-01-10 15:00:54 +00:00: ❌ Unhandled Promise Rejection at: Promise {
2026-01-10 15:00:54 +00:00:   <rejected> Error: No address added out of total 1 resolved errors: [listen EADDRINUSE: address already in use 0.0.0.0:50051]
2026-01-10 15:00:54 +00:00:       at Server.bindAddressList (/var/www/gloriaconnect/backend/node_modules/@grpc/grpc-js/build/src/server.js:490:27)
2026-01-10 15:00:54 +00:00:       at processTicksAndRejections (node:internal/process/task_queues:105:5)
2026-01-10 15:00:54 +00:00:       at runNextTicks (node:internal/process/task_queues:69:3)
2026-01-10 15:00:54 +00:00:       at process.processImmediate (node:internal/timers:473:9)
2026-01-10 15:00:54 +00:00:       at async Server.bindPort (/var/www/gloriaconnect/backend/node_modules/@grpc/grpc-js/build/src/server.js:523:36)
2026-01-10 15:00:54 +00:00: } reason: Error: No address added out of total 1 resolved errors: [listen EADDRINUSE: address already in use 0.0.0.0:50051]
2026-01-10 15:00:54 +00:00:     at Server.bindAddressList (/var/www/gloriaconnect/backend/node_modules/@grpc/grpc-js/build/src/server.js:490:27)
2026-01-10 15:00:54 +00:00:     at processTicksAndRejections (node:internal/process/task_queues:105:5)
2026-01-10 15:00:54 +00:00:     at runNextTicks (node:internal/process/task_queues:69:3)
2026-01-10 15:00:54 +00:00:     at process.processImmediate (node:internal/timers:473:9)
2026-01-10 15:00:54 +00:00:     at async Server.bindPort (/var/www/gloriaconnect/backend/node_modules/@grpc/grpc-js/build/src/server.js:523:36)
2026-01-10 15:00:54 +00:00: E No address added out of total 1 resolved
2026-01-10 15:00:54 +00:00: Public gRPC bind error Error: No address added out of total 1 resolved errors: [listen EADDRINUSE: address already in use 0.0.0.0:50052]
2026-01-10 15:00:54 +00:00:     at Server.bindAddressList (/var/www/gloriaconnect/backend/node_modules/@grpc/grpc-js/build/src/server.js:490:27)
2026-01-10 15:00:54 +00:00:     at process.processTicksAndRejections (node:internal/process/task_queues:105:5)
2026-01-10 15:00:54 +00:00:     at async Server.bindPort (/var/www/gloriaconnect/backend/node_modules/@grpc/grpc-js/build/src/server.js:523:36)
2026-01-10 15:01:41 +00:00: E No address added out of total 1 resolved
2026-01-10 15:01:41 +00:00: ❌ Unhandled Promise Rejection at: Promise {
2026-01-10 15:01:41 +00:00:   <rejected> Error: No address added out of total 1 resolved errors: [listen EADDRINUSE: address already in use 0.0.0.0:50051]
2026-01-10 15:01:41 +00:00:       at Server.bindAddressList (/var/www/gloriaconnect/backend/node_modules/@grpc/grpc-js/build/src/server.js:490:27)
2026-01-10 15:01:41 +00:00:       at processTicksAndRejections (node:internal/process/task_queues:105:5)
2026-01-10 15:01:41 +00:00:       at runNextTicks (node:internal/process/task_queues:69:3)
2026-01-10 15:01:41 +00:00:       at process.processImmediate (node:internal/timers:473:9)
2026-01-10 15:01:41 +00:00:       at async Server.bindPort (/var/www/gloriaconnect/backend/node_modules/@grpc/grpc-js/build/src/server.js:523:36)
2026-01-10 15:01:41 +00:00: } reason: Error: No address added out of total 1 resolved errors: [listen EADDRINUSE: address already in use 0.0.0.0:50051]
2026-01-10 15:01:41 +00:00:     at Server.bindAddressList (/var/www/gloriaconnect/backend/node_modules/@grpc/grpc-js/build/src/server.js:490:27)
2026-01-10 15:01:41 +00:00:     at processTicksAndRejections (node:internal/process/task_queues:105:5)
2026-01-10 15:01:41 +00:00:     at runNextTicks (node:internal/process/task_queues:69:3)
2026-01-10 15:01:41 +00:00:     at process.processImmediate (node:internal/timers:473:9)
2026-01-10 15:01:41 +00:00:     at async Server.bindPort (/var/www/gloriaconnect/backend/node_modules/@grpc/grpc-js/build/src/server.js:523:36)
2026-01-10 15:01:41 +00:00: E No address added out of total 1 resolved
2026-01-10 15:01:41 +00:00: Public gRPC bind error Error: No address added out of total 1 resolved errors: [listen EADDRINUSE: address already in use 0.0.0.0:50052]
2026-01-10 15:01:41 +00:00:     at Server.bindAddressList (/var/www/gloriaconnect/backend/node_modules/@grpc/grpc-js/build/src/server.js:490:27)
2026-01-10 15:01:41 +00:00:     at process.processTicksAndRejections (node:internal/process/task_queues:105:5)
2026-01-10 15:01:41 +00:00:     at async Server.bindPort (/var/www/gloriaconnect/backend/node_modules/@grpc/grpc-js/build/src/server.js:523:36)
2026-01-10 15:31:52 +00:00: E No address added out of total 1 resolved
2026-01-10 15:31:52 +00:00: ❌ Unhandled Promise Rejection at: Promise {
2026-01-10 15:31:52 +00:00:   <rejected> Error: No address added out of total 1 resolved errors: [listen EADDRINUSE: address already in use 0.0.0.0:50051]
2026-01-10 15:31:52 +00:00:       at Server.bindAddressList (/var/www/gloriaconnect/backend/node_modules/@grpc/grpc-js/build/src/server.js:490:27)
2026-01-10 15:31:52 +00:00:       at processTicksAndRejections (node:internal/process/task_queues:105:5)
2026-01-10 15:31:52 +00:00:       at runNextTicks (node:internal/process/task_queues:69:3)
2026-01-10 15:31:52 +00:00:       at process.processImmediate (node:internal/timers:473:9)
2026-01-10 15:31:52 +00:00:       at async Server.bindPort (/var/www/gloriaconnect/backend/node_modules/@grpc/grpc-js/build/src/server.js:523:36)
2026-01-10 15:31:52 +00:00: } reason: Error: No address added out of total 1 resolved errors: [listen EADDRINUSE: address already in use 0.0.0.0:50051]
2026-01-10 15:31:52 +00:00:     at Server.bindAddressList (/var/www/gloriaconnect/backend/node_modules/@grpc/grpc-js/build/src/server.js:490:27)
2026-01-10 15:31:52 +00:00:     at processTicksAndRejections (node:internal/process/task_queues:105:5)
2026-01-10 15:31:52 +00:00:     at runNextTicks (node:internal/process/task_queues:69:3)
2026-01-10 15:31:52 +00:00:     at process.processImmediate (node:internal/timers:473:9)
2026-01-10 15:31:52 +00:00:     at async Server.bindPort (/var/www/gloriaconnect/backend/node_modules/@grpc/grpc-js/build/src/server.js:523:36)
2026-01-10 15:31:52 +00:00: E No address added out of total 1 resolved
2026-01-10 15:31:52 +00:00: Public gRPC bind error Error: No address added out of total 1 resolved errors: [listen EADDRINUSE: address already in use 0.0.0.0:50052]
2026-01-10 15:31:52 +00:00:     at Server.bindAddressList (/var/www/gloriaconnect/backend/node_modules/@grpc/grpc-js/build/src/server.js:490:27)
2026-01-10 15:31:52 +00:00:     at process.processTicksAndRejections (node:internal/process/task_queues:105:5)
2026-01-10 15:31:52 +00:00:     at async Server.bindPort (/var/www/gloriaconnect/backend/node_modules/@grpc/grpc-js/build/src/server.js:523:36)
2026-01-10 16:02:05 +00:00: E No address added out of total 1 resolved
2026-01-10 16:02:05 +00:00: ❌ Unhandled Promise Rejection at: Promise {
2026-01-10 16:02:05 +00:00:   <rejected> Error: No address added out of total 1 resolved errors: [listen EADDRINUSE: address already in use 0.0.0.0:50051]
2026-01-10 16:02:05 +00:00:       at Server.bindAddressList (/var/www/gloriaconnect/backend/node_modules/@grpc/grpc-js/build/src/server.js:490:27)
2026-01-10 16:02:05 +00:00:       at processTicksAndRejections (node:internal/process/task_queues:105:5)
2026-01-10 16:02:05 +00:00:       at runNextTicks (node:internal/process/task_queues:69:3)
2026-01-10 16:02:05 +00:00:       at process.processImmediate (node:internal/timers:473:9)
2026-01-10 16:02:05 +00:00:       at async Server.bindPort (/var/www/gloriaconnect/backend/node_modules/@grpc/grpc-js/build/src/server.js:523:36)
2026-01-10 16:02:05 +00:00: } reason: Error: No address added out of total 1 resolved errors: [listen EADDRINUSE: address already in use 0.0.0.0:50051]
2026-01-10 16:02:05 +00:00:     at Server.bindAddressList (/var/www/gloriaconnect/backend/node_modules/@grpc/grpc-js/build/src/server.js:490:27)
2026-01-10 16:02:05 +00:00:     at processTicksAndRejections (node:internal/process/task_queues:105:5)
2026-01-10 16:02:05 +00:00:     at runNextTicks (node:internal/process/task_queues:69:3)
2026-01-10 16:02:05 +00:00:     at process.processImmediate (node:internal/timers:473:9)
2026-01-10 16:02:05 +00:00:     at async Server.bindPort (/var/www/gloriaconnect/backend/node_modules/@grpc/grpc-js/build/src/server.js:523:36)
2026-01-10 16:02:05 +00:00: E No address added out of total 1 resolved
2026-01-10 16:02:05 +00:00: Public gRPC bind error Error: No address added out of total 1 resolved errors: [listen EADDRINUSE: address already in use 0.0.0.0:50052]
2026-01-10 16:02:05 +00:00:     at Server.bindAddressList (/var/www/gloriaconnect/backend/node_modules/@grpc/grpc-js/build/src/server.js:490:27)
2026-01-10 16:02:05 +00:00:     at process.processTicksAndRejections (node:internal/process/task_queues:105:5)
2026-01-10 16:02:05 +00:00:     at async Server.bindPort (/var/www/gloriaconnect/backend/node_modules/@grpc/grpc-js/build/src/server.js:523:36)
2026-01-10 16:32:17 +00:00: E No address added out of total 1 resolved
2026-01-10 16:32:18 +00:00: ❌ Unhandled Promise Rejection at: Promise {
2026-01-10 16:32:18 +00:00:   <rejected> Error: No address added out of total 1 resolved errors: [listen EADDRINUSE: address already in use 0.0.0.0:50051]
2026-01-10 16:32:18 +00:00:       at Server.bindAddressList (/var/www/gloriaconnect/backend/node_modules/@grpc/grpc-js/build/src/server.js:490:27)
2026-01-10 16:32:18 +00:00:       at processTicksAndRejections (node:internal/process/task_queues:105:5)
2026-01-10 16:32:18 +00:00:       at runNextTicks (node:internal/process/task_queues:69:3)
2026-01-10 16:32:18 +00:00:       at process.processImmediate (node:internal/timers:473:9)
2026-01-10 16:32:18 +00:00:       at async Server.bindPort (/var/www/gloriaconnect/backend/node_modules/@grpc/grpc-js/build/src/server.js:523:36)
2026-01-10 16:32:18 +00:00: } reason: Error: No address added out of total 1 resolved errors: [listen EADDRINUSE: address already in use 0.0.0.0:50051]
2026-01-10 16:32:18 +00:00:     at Server.bindAddressList (/var/www/gloriaconnect/backend/node_modules/@grpc/grpc-js/build/src/server.js:490:27)
2026-01-10 16:32:18 +00:00:     at processTicksAndRejections (node:internal/process/task_queues:105:5)
2026-01-10 16:32:18 +00:00:     at runNextTicks (node:internal/process/task_queues:69:3)
2026-01-10 16:32:18 +00:00:     at process.processImmediate (node:internal/timers:473:9)
2026-01-10 16:32:18 +00:00:     at async Server.bindPort (/var/www/gloriaconnect/backend/node_modules/@grpc/grpc-js/build/src/server.js:523:36)
2026-01-10 16:32:18 +00:00: E No address added out of total 1 resolved
2026-01-10 16:32:18 +00:00: Public gRPC bind error Error: No address added out of total 1 resolved errors: [listen EADDRINUSE: address already in use 0.0.0.0:50052]
2026-01-10 16:32:18 +00:00:     at Server.bindAddressList (/var/www/gloriaconnect/backend/node_modules/@grpc/grpc-js/build/src/server.js:490:27)
2026-01-10 16:32:18 +00:00:     at process.processTicksAndRejections (node:internal/process/task_queues:105:5)
2026-01-10 16:32:18 +00:00:     at async Server.bindPort (/var/www/gloriaconnect/backend/node_modules/@grpc/grpc-js/build/src/server.js:523:36)
2026-01-10 17:02:32 +00:00: E No address added out of total 1 resolved
2026-01-10 17:02:32 +00:00: ❌ Unhandled Promise Rejection at: Promise {
2026-01-10 17:02:32 +00:00:   <rejected> Error: No address added out of total 1 resolved errors: [listen EADDRINUSE: address already in use 0.0.0.0:50051]
2026-01-10 17:02:32 +00:00:       at Server.bindAddressList (/var/www/gloriaconnect/backend/node_modules/@grpc/grpc-js/build/src/server.js:490:27)
2026-01-10 17:02:32 +00:00:       at processTicksAndRejections (node:internal/process/task_queues:105:5)
2026-01-10 17:02:32 +00:00:       at runNextTicks (node:internal/process/task_queues:69:3)
2026-01-10 17:02:32 +00:00:       at process.processImmediate (node:internal/timers:473:9)
2026-01-10 17:02:32 +00:00:       at async Server.bindPort (/var/www/gloriaconnect/backend/node_modules/@grpc/grpc-js/build/src/server.js:523:36)
2026-01-10 17:02:32 +00:00: } reason: Error: No address added out of total 1 resolved errors: [listen EADDRINUSE: address already in use 0.0.0.0:50051]
2026-01-10 17:02:32 +00:00:     at Server.bindAddressList (/var/www/gloriaconnect/backend/node_modules/@grpc/grpc-js/build/src/server.js:490:27)
2026-01-10 17:02:32 +00:00:     at processTicksAndRejections (node:internal/process/task_queues:105:5)
2026-01-10 17:02:32 +00:00:     at runNextTicks (node:internal/process/task_queues:69:3)
2026-01-10 17:02:32 +00:00:     at process.processImmediate (node:internal/timers:473:9)
2026-01-10 17:02:32 +00:00:     at async Server.bindPort (/var/www/gloriaconnect/backend/node_modules/@grpc/grpc-js/build/src/server.js:523:36)
2026-01-10 17:02:32 +00:00: E No address added out of total 1 resolved
2026-01-10 17:02:32 +00:00: Public gRPC bind error Error: No address added out of total 1 resolved errors: [listen EADDRINUSE: address already in use 0.0.0.0:50052]
2026-01-10 17:02:32 +00:00:     at Server.bindAddressList (/var/www/gloriaconnect/backend/node_modules/@grpc/grpc-js/build/src/server.js:490:27)
2026-01-10 17:02:32 +00:00:     at process.processTicksAndRejections (node:internal/process/task_queues:105:5)
2026-01-10 17:02:32 +00:00:     at async Server.bindPort (/var/www/gloriaconnect/backend/node_modules/@grpc/grpc-js/build/src/server.js:523:36)
2026-01-10 17:03:03 +00:00: E No address added out of total 1 resolved
2026-01-10 17:03:03 +00:00: ❌ Unhandled Promise Rejection at: Promise {
2026-01-10 17:03:03 +00:00:   <rejected> Error: No address added out of total 1 resolved errors: [listen EADDRINUSE: address already in use 0.0.0.0:50051]
2026-01-10 17:03:03 +00:00:       at Server.bindAddressList (/var/www/gloriaconnect/backend/node_modules/@grpc/grpc-js/build/src/server.js:490:27)
2026-01-10 17:03:03 +00:00:       at processTicksAndRejections (node:internal/process/task_queues:105:5)
2026-01-10 17:03:03 +00:00:       at runNextTicks (node:internal/process/task_queues:69:3)
2026-01-10 17:03:03 +00:00:       at process.processImmediate (node:internal/timers:473:9)
2026-01-10 17:03:03 +00:00:       at async Server.bindPort (/var/www/gloriaconnect/backend/node_modules/@grpc/grpc-js/build/src/server.js:523:36)
2026-01-10 17:03:03 +00:00: } reason: Error: No address added out of total 1 resolved errors: [listen EADDRINUSE: address already in use 0.0.0.0:50051]
2026-01-10 17:03:03 +00:00:     at Server.bindAddressList (/var/www/gloriaconnect/backend/node_modules/@grpc/grpc-js/build/src/server.js:490:27)
2026-01-10 17:03:03 +00:00:     at processTicksAndRejections (node:internal/process/task_queues:105:5)
2026-01-10 17:03:03 +00:00:     at runNextTicks (node:internal/process/task_queues:69:3)
2026-01-10 17:03:03 +00:00:     at process.processImmediate (node:internal/timers:473:9)
2026-01-10 17:03:03 +00:00:     at async Server.bindPort (/var/www/gloriaconnect/backend/node_modules/@grpc/grpc-js/build/src/server.js:523:36)
2026-01-10 17:03:03 +00:00: E No address added out of total 1 resolved
2026-01-10 17:03:03 +00:00: Public gRPC bind error Error: No address added out of total 1 resolved errors: [listen EADDRINUSE: address already in use 0.0.0.0:50052]
2026-01-10 17:03:03 +00:00:     at Server.bindAddressList (/var/www/gloriaconnect/backend/node_modules/@grpc/grpc-js/build/src/server.js:490:27)
2026-01-10 17:03:03 +00:00:     at process.processTicksAndRejections (node:internal/process/task_queues:105:5)
2026-01-10 17:03:03 +00:00:     at async Server.bindPort (/var/www/gloriaconnect/backend/node_modules/@grpc/grpc-js/build/src/server.js:523:36)
2026-01-10 17:09:16 +00:00: (node:314156) DeprecationWarning: Calling start() is no longer necessary. It can be safely omitted.
2026-01-10 17:09:16 +00:00: (Use `node --trace-deprecation ...` to show where the warning was created)
2026-01-10 17:17:12 +00:00: ValidationError: The 'X-Forwarded-For' header is set but the Express 'trust proxy' setting is false (default). This could indicate a misconfiguration which would prevent express-rate-limit from accurately identifying users. See https://express-rate-limit.github.io/ERR_ERL_UNEXPECTED_X_FORWARDED_FOR/ for more information.
2026-01-10 17:17:12 +00:00:     at Object.xForwardedForHeader (file:///var/www/gloriaconnect/backend/node_modules/express-rate-limit/dist/index.mjs:157:13)
2026-01-10 17:17:12 +00:00:     at wrappedValidations.<computed> [as xForwardedForHeader] (file:///var/www/gloriaconnect/backend/node_modules/express-rate-limit/dist/index.mjs:369:22)
2026-01-10 17:17:12 +00:00:     at Object.keyGenerator (file:///var/www/gloriaconnect/backend/node_modules/express-rate-limit/dist/index.mjs:630:20)
2026-01-10 17:17:12 +00:00:     at file:///var/www/gloriaconnect/backend/node_modules/express-rate-limit/dist/index.mjs:682:32
2026-01-10 17:17:12 +00:00:     at process.processTicksAndRejections (node:internal/process/task_queues:105:5)
2026-01-10 17:17:12 +00:00:     at async file:///var/www/gloriaconnect/backend/node_modules/express-rate-limit/dist/index.mjs:663:5 {
2026-01-10 17:17:12 +00:00:   code: 'ERR_ERL_UNEXPECTED_X_FORWARDED_FOR',
2026-01-10 17:17:12 +00:00:   help: 'https://express-rate-limit.github.io/ERR_ERL_UNEXPECTED_X_FORWARDED_FOR/'
2026-01-10 17:17:12 +00:00: }
